# JRE version: OpenJDK Runtime Environment (11.0+28) (build 11+28)
# Java VM: OpenJDK 64-Bit Server VM (11+28, mixed mode, tiered, compressed oops, g1 gc, windows-amd64)
Heap:
 garbage-first heap   total 262144K, used 127796K [0x00000000e0000000, 0x0000000100000000)
  region size 1024K, 93 young (95232K), 16 survivors (16384K)
 Metaspace       used 52573K, capacity 54312K, committed 54480K, reserved 432128K
  class space    used 6855K, capacity 7502K, committed 7552K, reserved 385024K
GC Heap History (10 events):
Event: 2.435 GC heap before
{Heap before GC invocations=1 (full 0):
 garbage-first heap   total 262144K, used 107465K [0x00000000e0000000, 0x0000000100000000)
  region size 1024K, 97 young (99328K), 3 survivors (3072K)
 Metaspace       used 20653K, capacity 21138K, committed 21296K, reserved 405504K
  class space    used 2468K, capacity 2641K, committed 2688K, reserved 385024K
}
Event: 2.443 GC heap after
{Heap after GC invocations=2 (full 0):
 garbage-first heap   total 262144K, used 18751K [0x00000000e0000000, 0x0000000100000000)
  region size 1024K, 11 young (11264K), 11 survivors (11264K)
 Metaspace       used 20653K, capacity 21138K, committed 21296K, reserved 405504K
  class space    used 2468K, capacity 2641K, committed 2688K, reserved 385024K
}
Event: 2.635 GC heap before
{Heap before GC invocations=3 (full 0):
 garbage-first heap   total 262144K, used 44351K [0x00000000e0000000, 0x0000000100000000)
  region size 1024K, 36 young (36864K), 11 survivors (11264K)
 Metaspace       used 22977K, capacity 23621K, committed 23728K, reserved 407552K
  class space    used 2836K, capacity 3063K, committed 3072K, reserved 385024K
}
Event: 2.639 GC heap after
{Heap after GC invocations=4 (full 0):
 garbage-first heap   total 262144K, used 19282K [0x00000000e0000000, 0x0000000100000000)
  region size 1024K, 2 young (2048K), 2 survivors (2048K)
 Metaspace       used 22977K, capacity 23621K, committed 23728K, reserved 407552K
  class space    used 2836K, capacity 3063K, committed 3072K, reserved 385024K
}
Event: 3.602 GC heap before
{Heap before GC invocations=4 (full 0):
 garbage-first heap   total 262144K, used 134994K [0x00000000e0000000, 0x0000000100000000)
  region size 1024K, 105 young (107520K), 2 survivors (2048K)
 Metaspace       used 30938K, capacity 31877K, committed 32176K, reserved 413696K
  class space    used 4154K, capacity 4493K, committed 4608K, reserved 385024K
}
Event: 3.606 GC heap after
{Heap after GC invocations=5 (full 0):
 garbage-first heap   total 262144K, used 36268K [0x00000000e0000000, 0x0000000100000000)
  region size 1024K, 7 young (7168K), 7 survivors (7168K)
 Metaspace       used 30938K, capacity 31877K, committed 32176K, reserved 413696K
  class space    used 4154K, capacity 4493K, committed 4608K, reserved 385024K
}
Event: 3.953 GC heap before
{Heap before GC invocations=5 (full 0):
 garbage-first heap   total 262144K, used 75180K [0x00000000e0000000, 0x0000000100000000)
  region size 1024K, 46 young (47104K), 7 survivors (7168K)
 Metaspace       used 34718K, capacity 35782K, committed 35920K, reserved 417792K
  class space    used 4713K, capacity 5092K, committed 5120K, reserved 385024K
}
Event: 3.958 GC heap after
{Heap after GC invocations=6 (full 0):
 garbage-first heap   total 262144K, used 37237K [0x00000000e0000000, 0x0000000100000000)
  region size 1024K, 8 young (8192K), 8 survivors (8192K)
 Metaspace       used 34718K, capacity 35782K, committed 35920K, reserved 417792K
  class space    used 4713K, capacity 5092K, committed 5120K, reserved 385024K
}
Event: 5.017 GC heap before
{Heap before GC invocations=7 (full 0):
 garbage-first heap   total 262144K, used 162165K [0x00000000e0000000, 0x0000000100000000)
  region size 1024K, 126 young (129024K), 8 survivors (8192K)
 Metaspace       used 47098K, capacity 48542K, committed 48848K, reserved 428032K
  class space    used 6135K, capacity 6668K, committed 6784K, reserved 385024K
}
Event: 5.026 GC heap after
{Heap after GC invocations=8 (full 0):
 garbage-first heap   total 262144K, used 45876K [0x00000000e0000000, 0x0000000100000000)
  region size 1024K, 16 young (16384K), 16 survivors (16384K)
 Metaspace       used 47098K, capacity 48542K, committed 48848K, reserved 428032K
  class space    used 6135K, capacity 6668K, committed 6784K, reserved 385024K
}

