# JRE version: OpenJDK Runtime Environment (11.0+28) (build 11+28)
# Java VM: OpenJDK 64-Bit Server VM (11+28, mixed mode, tiered, compressed oops, g1 gc, windows-amd64)
Heap:
 garbage-first heap   total 262144K, used 72916K [0x00000000e0000000, 0x0000000100000000)
  region size 1024K, 44 young (45056K), 10 survivors (10240K)
 Metaspace       used 59929K, capacity 61838K, committed 61948K, reserved 438272K
  class space    used 8038K, capacity 8799K, committed 8832K, reserved 385024K
GC Heap History (10 events):
Event: 2.529 GC heap before
{Heap before GC invocations=4 (full 0):
 garbage-first heap   total 262144K, used 117615K [0x00000000e0000000, 0x0000000100000000)
  region size 1024K, 98 young (100352K), 2 survivors (2048K)
 Metaspace       used 30845K, capacity 31678K, committed 31792K, reserved 413696K
  class space    used 4122K, capacity 4442K, committed 4480K, reserved 385024K
}
Event: 2.532 GC heap after
{Heap after GC invocations=5 (full 0):
 garbage-first heap   total 262144K, used 22188K [0x00000000e0000000, 0x0000000100000000)
  region size 1024K, 4 young (4096K), 4 survivors (4096K)
 Metaspace       used 30845K, capacity 31678K, committed 31792K, reserved 413696K
  class space    used 4122K, capacity 4442K, committed 4480K, reserved 385024K
}
Event: 2.737 GC heap before
{Heap before GC invocations=5 (full 0):
 garbage-first heap   total 262144K, used 52908K [0x00000000e0000000, 0x0000000100000000)
  region size 1024K, 35 young (35840K), 4 survivors (4096K)
 Metaspace       used 34682K, capacity 35625K, committed 35708K, reserved 415744K
  class space    used 4687K, capacity 5079K, committed 5120K, reserved 385024K
}
Event: 2.741 GC heap after
{Heap after GC invocations=6 (full 0):
 garbage-first heap   total 262144K, used 23159K [0x00000000e0000000, 0x0000000100000000)
  region size 1024K, 5 young (5120K), 5 survivors (5120K)
 Metaspace       used 34682K, capacity 35625K, committed 35708K, reserved 415744K
  class space    used 4687K, capacity 5079K, committed 5120K, reserved 385024K
}
Event: 3.515 GC heap before
{Heap before GC invocations=7 (full 0):
 garbage-first heap   total 262144K, used 140919K [0x00000000e0000000, 0x0000000100000000)
  region size 1024K, 114 young (116736K), 5 survivors (5120K)
 Metaspace       used 46559K, capacity 47696K, committed 47868K, reserved 428032K
  class space    used 5975K, capacity 6431K, committed 6528K, reserved 385024K
}
Event: 3.522 GC heap after
{Heap after GC invocations=8 (full 0):
 garbage-first heap   total 262144K, used 31758K [0x00000000e0000000, 0x0000000100000000)
  region size 1024K, 14 young (14336K), 14 survivors (14336K)
 Metaspace       used 46559K, capacity 47696K, committed 47868K, reserved 428032K
  class space    used 5975K, capacity 6431K, committed 6528K, reserved 385024K
}
Event: 4.240 GC heap before
{Heap before GC invocations=8 (full 0):
 garbage-first heap   total 262144K, used 148494K [0x00000000e0000000, 0x0000000100000000)
  region size 1024K, 128 young (131072K), 14 survivors (14336K)
 Metaspace       used 55288K, capacity 57116K, committed 57340K, reserved 436224K
  class space    used 7306K, capacity 7997K, committed 8064K, reserved 385024K
}
Event: 4.247 GC heap after
{Heap after GC invocations=9 (full 0):
 garbage-first heap   total 262144K, used 34748K [0x00000000e0000000, 0x0000000100000000)
  region size 1024K, 5 young (5120K), 5 survivors (5120K)
 Metaspace       used 55288K, capacity 57116K, committed 57340K, reserved 436224K
  class space    used 7306K, capacity 7997K, committed 8064K, reserved 385024K
}
Event: 4.552 GC heap before
{Heap before GC invocations=9 (full 0):
 garbage-first heap   total 262144K, used 99260K [0x00000000e0000000, 0x0000000100000000)
  region size 1024K, 70 young (71680K), 5 survivors (5120K)
 Metaspace       used 57935K, capacity 59811K, committed 59940K, reserved 438272K
  class space    used 7698K, capacity 8443K, committed 8448K, reserved 385024K
}
Event: 4.560 GC heap after
{Heap after GC invocations=10 (full 0):
 garbage-first heap   total 262144K, used 40148K [0x00000000e0000000, 0x0000000100000000)
  region size 1024K, 10 young (10240K), 10 survivors (10240K)
 Metaspace       used 57935K, capacity 59811K, committed 59940K, reserved 438272K
  class space    used 7698K, capacity 8443K, committed 8448K, reserved 385024K
}

