# JRE version: OpenJDK Runtime Environment (11.0+28) (build 11+28)
# Java VM: OpenJDK 64-Bit Server VM (11+28, mixed mode, tiered, compressed oops, g1 gc, windows-amd64)
Heap:
 garbage-first heap   total 262144K, used 180849K [0x00000000e0000000, 0x0000000100000000)
  region size 1024K, 145 young (148480K), 17 survivors (17408K)
 Metaspace       used 57061K, capacity 59142K, committed 59184K, reserved 436224K
  class space    used 7548K, capacity 8308K, committed 8320K, reserved 385024K
GC Heap History (10 events):
Event: 1.944 GC heap before
{Heap before GC invocations=1 (full 0):
 garbage-first heap   total 262144K, used 107172K [0x00000000e0000000, 0x0000000100000000)
  region size 1024K, 97 young (99328K), 3 survivors (3072K)
 Metaspace       used 20651K, capacity 21138K, committed 21296K, reserved 405504K
  class space    used 2470K, capacity 2641K, committed 2688K, reserved 385024K
}
Event: 1.951 GC heap after
{Heap after GC invocations=2 (full 0):
 garbage-first heap   total 262144K, used 18248K [0x00000000e0000000, 0x0000000100000000)
  region size 1024K, 11 young (11264K), 11 survivors (11264K)
 Metaspace       used 20651K, capacity 21138K, committed 21296K, reserved 405504K
  class space    used 2470K, capacity 2641K, committed 2688K, reserved 385024K
}
Event: 2.183 GC heap before
{Heap before GC invocations=3 (full 0):
 garbage-first heap   total 262144K, used 64328K [0x00000000e0000000, 0x0000000100000000)
  region size 1024K, 56 young (57344K), 11 survivors (11264K)
 Metaspace       used 24536K, capacity 25224K, committed 25392K, reserved 407552K
  class space    used 3114K, capacity 3341K, committed 3456K, reserved 385024K
}
Event: 2.188 GC heap after
{Heap after GC invocations=4 (full 0):
 garbage-first heap   total 262144K, used 20164K [0x00000000e0000000, 0x0000000100000000)
  region size 1024K, 2 young (2048K), 2 survivors (2048K)
 Metaspace       used 24536K, capacity 25224K, committed 25392K, reserved 407552K
  class space    used 3114K, capacity 3341K, committed 3456K, reserved 385024K
}
Event: 2.866 GC heap before
{Heap before GC invocations=4 (full 0):
 garbage-first heap   total 262144K, used 146116K [0x00000000e0000000, 0x0000000100000000)
  region size 1024K, 115 young (117760K), 2 survivors (2048K)
 Metaspace       used 33405K, capacity 34377K, committed 34608K, reserved 415744K
  class space    used 4513K, capacity 4902K, committed 4992K, reserved 385024K
}
Event: 2.870 GC heap after
{Heap after GC invocations=5 (full 0):
 garbage-first heap   total 262144K, used 37324K [0x00000000e0000000, 0x0000000100000000)
  region size 1024K, 8 young (8192K), 8 survivors (8192K)
 Metaspace       used 33405K, capacity 34377K, committed 34608K, reserved 415744K
  class space    used 4513K, capacity 4902K, committed 4992K, reserved 385024K
}
Event: 2.946 GC heap before
{Heap before GC invocations=5 (full 0):
 garbage-first heap   total 262144K, used 48588K [0x00000000e0000000, 0x0000000100000000)
  region size 1024K, 20 young (20480K), 8 survivors (8192K)
 Metaspace       used 34728K, capacity 35775K, committed 35920K, reserved 417792K
  class space    used 4712K, capacity 5090K, committed 5120K, reserved 385024K
}
Event: 2.951 GC heap after
{Heap after GC invocations=6 (full 0):
 garbage-first heap   total 262144K, used 37377K [0x00000000e0000000, 0x0000000100000000)
  region size 1024K, 8 young (8192K), 8 survivors (8192K)
 Metaspace       used 34728K, capacity 35775K, committed 35920K, reserved 417792K
  class space    used 4712K, capacity 5090K, committed 5120K, reserved 385024K
}
Event: 3.817 GC heap before
{Heap before GC invocations=7 (full 0):
 garbage-first heap   total 262144K, used 167425K [0x00000000e0000000, 0x0000000100000000)
  region size 1024K, 131 young (134144K), 8 survivors (8192K)
 Metaspace       used 47221K, capacity 48719K, committed 48944K, reserved 428032K
  class space    used 6153K, capacity 6682K, committed 6784K, reserved 385024K
}
Event: 3.825 GC heap after
{Heap after GC invocations=8 (full 0):
 garbage-first heap   total 262144K, used 46705K [0x00000000e0000000, 0x0000000100000000)
  region size 1024K, 17 young (17408K), 17 survivors (17408K)
 Metaspace       used 47221K, capacity 48719K, committed 48944K, reserved 428032K
  class space    used 6153K, capacity 6682K, committed 6784K, reserved 385024K
}

