# JRE version: OpenJDK Runtime Environment (11.0+28) (build 11+28)
# Java VM: OpenJDK 64-Bit Server VM (11+28, mixed mode, tiered, compressed oops, g1 gc, windows-amd64)
Heap:
 garbage-first heap   total 262144K, used 154010K [0x00000000e0000000, 0x0000000100000000)
  region size 1024K, 135 young (138240K), 15 survivors (15360K)
 Metaspace       used 55723K, capacity 57455K, committed 57596K, reserved 436224K
  class space    used 7369K, capacity 8044K, committed 8064K, reserved 385024K
GC Heap History (10 events):
Event: 1.717 GC heap before
{Heap before GC invocations=1 (full 0):
 garbage-first heap   total 262144K, used 90996K [0x00000000e0000000, 0x0000000100000000)
  region size 1024K, 80 young (81920K), 3 survivors (3072K)
 Metaspace       used 17748K, capacity 18108K, committed 18432K, reserved 401408K
  class space    used 2069K, capacity 2187K, committed 2304K, reserved 385024K
}
Event: 1.721 GC heap after
{Heap after GC invocations=2 (full 0):
 garbage-first heap   total 262144K, used 17751K [0x00000000e0000000, 0x0000000100000000)
  region size 1024K, 10 young (10240K), 10 survivors (10240K)
 Metaspace       used 17748K, capacity 18108K, committed 18432K, reserved 401408K
  class space    used 2069K, capacity 2187K, committed 2304K, reserved 385024K
}
Event: 1.857 GC heap before
{Heap before GC invocations=2 (full 0):
 garbage-first heap   total 262144K, used 38231K [0x00000000e0000000, 0x0000000100000000)
  region size 1024K, 31 young (31744K), 10 survivors (10240K)
 Metaspace       used 20575K, capacity 21091K, committed 21296K, reserved 405504K
  class space    used 2479K, capacity 2657K, committed 2688K, reserved 385024K
}
Event: 1.863 GC heap after
{Heap after GC invocations=3 (full 0):
 garbage-first heap   total 262144K, used 18600K [0x00000000e0000000, 0x0000000100000000)
  region size 1024K, 1 young (1024K), 1 survivors (1024K)
 Metaspace       used 20575K, capacity 21091K, committed 21296K, reserved 405504K
  class space    used 2479K, capacity 2657K, committed 2688K, reserved 385024K
}
Event: 2.342 GC heap before
{Heap before GC invocations=4 (full 0):
 garbage-first heap   total 262144K, used 106664K [0x00000000e0000000, 0x0000000100000000)
  region size 1024K, 87 young (89088K), 1 survivors (1024K)
 Metaspace       used 28187K, capacity 28932K, committed 29104K, reserved 411648K
  class space    used 3701K, capacity 3994K, committed 4096K, reserved 385024K
}
Event: 2.345 GC heap after
{Heap after GC invocations=5 (full 0):
 garbage-first heap   total 262144K, used 21416K [0x00000000e0000000, 0x0000000100000000)
  region size 1024K, 4 young (4096K), 4 survivors (4096K)
 Metaspace       used 28187K, capacity 28932K, committed 29104K, reserved 411648K
  class space    used 3701K, capacity 3994K, committed 4096K, reserved 385024K
}
Event: 2.767 GC heap before
{Heap before GC invocations=5 (full 0):
 garbage-first heap   total 262144K, used 89000K [0x00000000e0000000, 0x0000000100000000)
  region size 1024K, 71 young (72704K), 4 survivors (4096K)
 Metaspace       used 34670K, capacity 35624K, committed 35708K, reserved 415744K
  class space    used 4686K, capacity 5079K, committed 5120K, reserved 385024K
}
Event: 2.773 GC heap after
{Heap after GC invocations=6 (full 0):
 garbage-first heap   total 262144K, used 23170K [0x00000000e0000000, 0x0000000100000000)
  region size 1024K, 6 young (6144K), 6 survivors (6144K)
 Metaspace       used 34670K, capacity 35624K, committed 35708K, reserved 415744K
  class space    used 4686K, capacity 5079K, committed 5120K, reserved 385024K
}
Event: 3.530 GC heap before
{Heap before GC invocations=7 (full 0):
 garbage-first heap   total 262144K, used 141954K [0x00000000e0000000, 0x0000000100000000)
  region size 1024K, 116 young (118784K), 6 survivors (6144K)
 Metaspace       used 46554K, capacity 47696K, committed 47868K, reserved 428032K
  class space    used 5975K, capacity 6431K, committed 6528K, reserved 385024K
}
Event: 3.537 GC heap after
{Heap after GC invocations=8 (full 0):
 garbage-first heap   total 262144K, used 32154K [0x00000000e0000000, 0x0000000100000000)
  region size 1024K, 15 young (15360K), 15 survivors (15360K)
 Metaspace       used 46554K, capacity 47696K, committed 47868K, reserved 428032K
  class space    used 5975K, capacity 6431K, committed 6528K, reserved 385024K
}

