# JRE version: OpenJDK Runtime Environment (21.0.1+12) (build 21.0.1+12-29)
# Java VM: OpenJDK 64-Bit Server VM (21.0.1+12-29, mixed mode, emulated-client, sharing, tiered, compressed oops, compressed class ptrs, g1 gc, windows-amd64)
GC Precious Log:
 CardTable entry size: 512
 Card Set container configuration: InlinePtr #cards 4 size 8 Array Of Cards #cards 16 size 48 Howl #buckets 8 coarsen threshold 3686 Howl Bitmap #cards 512 size 80 coarsen threshold 460 Card regions per heap region 1 cards per card region 4096
 CPUs: 12 total, 12 available
 Memory: 16304M
 Large Page Support: Disabled
 NUMA Support: Disabled
 Compressed Oops: Enabled (Zero based)
 Heap Region Size: 2M
 Heap Min Capacity: 8M
 Heap Initial Capacity: 256M
 Heap Max Capacity: 4078M
 Pre-touch: Disabled
 Parallel Workers: 10
 Concurrent Workers: 3
 Concurrent Refinement Workers: 10
 Periodic GC: Disabled
Heap:
 garbage-first heap   total 194560K, used 116559K [0x0000000701200000, 0x0000000800000000)
  region size 2048K, 5 young (10240K), 1 survivors (2048K)
 Metaspace       used 69518K, committed 70336K, reserved 1114112K
  class space    used 9861K, committed 10176K, reserved 1048576K
GC Heap History (20 events):
Event: 941.011 GC heap before
{Heap before GC invocations=64 (full 0):
 garbage-first heap   total 149504K, used 133337K [0x0000000701200000, 0x0000000800000000)
  region size 2048K, 24 young (49152K), 1 survivors (2048K)
 Metaspace       used 69514K, committed 70336K, reserved 1114112K
  class space    used 9859K, committed 10176K, reserved 1048576K
}
Event: 941.012 GC heap after
{Heap after GC invocations=65 (full 0):
 garbage-first heap   total 149504K, used 88326K [0x0000000701200000, 0x0000000800000000)
  region size 2048K, 1 young (2048K), 1 survivors (2048K)
 Metaspace       used 69514K, committed 70336K, reserved 1114112K
  class space    used 9859K, committed 10176K, reserved 1048576K
}
Event: 1204.626 GC heap before
{Heap before GC invocations=66 (full 0):
 garbage-first heap   total 153600K, used 112902K [0x0000000701200000, 0x0000000800000000)
  region size 2048K, 15 young (30720K), 1 survivors (2048K)
 Metaspace       used 69518K, committed 70336K, reserved 1114112K
  class space    used 9861K, committed 10176K, reserved 1048576K
}
Event: 1204.629 GC heap after
{Heap after GC invocations=67 (full 0):
 garbage-first heap   total 153600K, used 88341K [0x0000000701200000, 0x0000000800000000)
  region size 2048K, 1 young (2048K), 1 survivors (2048K)
 Metaspace       used 69518K, committed 70336K, reserved 1114112K
  class space    used 9861K, committed 10176K, reserved 1048576K
}
Event: 1249.138 GC heap before
{Heap before GC invocations=68 (full 0):
 garbage-first heap   total 163840K, used 151829K [0x0000000701200000, 0x0000000800000000)
  region size 2048K, 27 young (55296K), 1 survivors (2048K)
 Metaspace       used 69518K, committed 70336K, reserved 1114112K
  class space    used 9861K, committed 10176K, reserved 1048576K
}
Event: 1249.139 GC heap after
{Heap after GC invocations=69 (full 0):
 garbage-first heap   total 163840K, used 100805K [0x0000000701200000, 0x0000000800000000)
  region size 2048K, 1 young (2048K), 1 survivors (2048K)
 Metaspace       used 69518K, committed 70336K, reserved 1114112K
  class space    used 9861K, committed 10176K, reserved 1048576K
}
Event: 1283.372 GC heap before
{Heap before GC invocations=69 (full 0):
 garbage-first heap   total 163840K, used 149957K [0x0000000701200000, 0x0000000800000000)
  region size 2048K, 26 young (53248K), 1 survivors (2048K)
 Metaspace       used 69518K, committed 70336K, reserved 1114112K
  class space    used 9861K, committed 10176K, reserved 1048576K
}
Event: 1283.374 GC heap after
{Heap after GC invocations=70 (full 0):
 garbage-first heap   total 163840K, used 100625K [0x0000000701200000, 0x0000000800000000)
  region size 2048K, 1 young (2048K), 1 survivors (2048K)
 Metaspace       used 69518K, committed 70336K, reserved 1114112K
  class space    used 9861K, committed 10176K, reserved 1048576K
}
Event: 1317.103 GC heap before
{Heap before GC invocations=70 (full 0):
 garbage-first heap   total 163840K, used 149777K [0x0000000701200000, 0x0000000800000000)
  region size 2048K, 26 young (53248K), 1 survivors (2048K)
 Metaspace       used 69518K, committed 70336K, reserved 1114112K
  class space    used 9861K, committed 10176K, reserved 1048576K
}
Event: 1317.105 GC heap after
{Heap after GC invocations=71 (full 0):
 garbage-first heap   total 163840K, used 100533K [0x0000000701200000, 0x0000000800000000)
  region size 2048K, 1 young (2048K), 1 survivors (2048K)
 Metaspace       used 69518K, committed 70336K, reserved 1114112K
  class space    used 9861K, committed 10176K, reserved 1048576K
}
Event: 1350.746 GC heap before
{Heap before GC invocations=72 (full 0):
 garbage-first heap   total 174080K, used 149685K [0x0000000701200000, 0x0000000800000000)
  region size 2048K, 25 young (51200K), 1 survivors (2048K)
 Metaspace       used 69518K, committed 70336K, reserved 1114112K
  class space    used 9861K, committed 10176K, reserved 1048576K
}
Event: 1350.747 GC heap after
{Heap after GC invocations=73 (full 0):
 garbage-first heap   total 174080K, used 100686K [0x0000000701200000, 0x0000000800000000)
  region size 2048K, 1 young (2048K), 1 survivors (2048K)
 Metaspace       used 69518K, committed 70336K, reserved 1114112K
  class space    used 9861K, committed 10176K, reserved 1048576K
}
Event: 1396.806 GC heap before
{Heap before GC invocations=73 (full 0):
 garbage-first heap   total 174080K, used 158030K [0x0000000701200000, 0x0000000800000000)
  region size 2048K, 30 young (61440K), 1 survivors (2048K)
 Metaspace       used 69518K, committed 70336K, reserved 1114112K
  class space    used 9861K, committed 10176K, reserved 1048576K
}
Event: 1396.807 GC heap after
{Heap after GC invocations=74 (full 0):
 garbage-first heap   total 174080K, used 100132K [0x0000000701200000, 0x0000000800000000)
  region size 2048K, 1 young (2048K), 1 survivors (2048K)
 Metaspace       used 69518K, committed 70336K, reserved 1114112K
  class space    used 9861K, committed 10176K, reserved 1048576K
}
Event: 1434.281 GC heap before
{Heap before GC invocations=74 (full 0):
 garbage-first heap   total 174080K, used 159524K [0x0000000701200000, 0x0000000800000000)
  region size 2048K, 30 young (61440K), 1 survivors (2048K)
 Metaspace       used 69518K, committed 70336K, reserved 1114112K
  class space    used 9861K, committed 10176K, reserved 1048576K
}
Event: 1434.282 GC heap after
{Heap after GC invocations=75 (full 0):
 garbage-first heap   total 174080K, used 100084K [0x0000000701200000, 0x0000000800000000)
  region size 2048K, 1 young (2048K), 1 survivors (2048K)
 Metaspace       used 69518K, committed 70336K, reserved 1114112K
  class space    used 9861K, committed 10176K, reserved 1048576K
}
Event: 1468.292 GC heap before
{Heap before GC invocations=76 (full 0):
 garbage-first heap   total 174080K, used 159476K [0x0000000701200000, 0x0000000800000000)
  region size 2048K, 30 young (61440K), 1 survivors (2048K)
 Metaspace       used 69518K, committed 70336K, reserved 1114112K
  class space    used 9861K, committed 10176K, reserved 1048576K
}
Event: 1468.293 GC heap after
{Heap after GC invocations=77 (full 0):
 garbage-first heap   total 174080K, used 100100K [0x0000000701200000, 0x0000000800000000)
  region size 2048K, 1 young (2048K), 1 survivors (2048K)
 Metaspace       used 69518K, committed 70336K, reserved 1114112K
  class space    used 9861K, committed 10176K, reserved 1048576K
}
Event: 1504.621 GC heap before
{Heap before GC invocations=77 (full 0):
 garbage-first heap   total 174080K, used 104196K [0x0000000701200000, 0x0000000800000000)
  region size 2048K, 4 young (8192K), 1 survivors (2048K)
 Metaspace       used 69518K, committed 70336K, reserved 1114112K
  class space    used 9861K, committed 10176K, reserved 1048576K
}
Event: 1504.623 GC heap after
{Heap after GC invocations=78 (full 0):
 garbage-first heap   total 174080K, used 100175K [0x0000000701200000, 0x0000000800000000)
  region size 2048K, 1 young (2048K), 1 survivors (2048K)
 Metaspace       used 69518K, committed 70336K, reserved 1114112K
  class space    used 9861K, committed 10176K, reserved 1048576K
}

