# JRE version: OpenJDK Runtime Environment (11.0+28) (build 11+28)
# Java VM: OpenJDK 64-Bit Server VM (11+28, mixed mode, tiered, compressed oops, g1 gc, windows-amd64)
Heap:
 garbage-first heap   total 262144K, used 53643K [0x00000000e0000000, 0x0000000100000000)
  region size 1024K, 25 young (25600K), 10 survivors (10240K)
 Metaspace       used 59557K, capacity 61474K, committed 61808K, reserved 438272K
  class space    used 8003K, capacity 8763K, committed 8832K, reserved 385024K
GC Heap History (10 events):
Event: 2.475 GC heap before
{Heap before GC invocations=4 (full 0):
 garbage-first heap   total 262144K, used 116599K [0x00000000e0000000, 0x0000000100000000)
  region size 1024K, 96 young (98304K), 1 survivors (1024K)
 Metaspace       used 29643K, capacity 30436K, committed 30640K, reserved 411648K
  class space    used 3943K, capacity 4263K, committed 4352K, reserved 385024K
}
Event: 2.477 GC heap after
{Heap after GC invocations=5 (full 0):
 garbage-first heap   total 262144K, used 21913K [0x00000000e0000000, 0x0000000100000000)
  region size 1024K, 4 young (4096K), 4 survivors (4096K)
 Metaspace       used 29643K, capacity 30436K, committed 30640K, reserved 411648K
  class space    used 3943K, capacity 4263K, committed 4352K, reserved 385024K
}
Event: 2.772 GC heap before
{Heap before GC invocations=5 (full 0):
 garbage-first heap   total 262144K, used 64921K [0x00000000e0000000, 0x0000000100000000)
  region size 1024K, 47 young (48128K), 4 survivors (4096K)
 Metaspace       used 34676K, capacity 35624K, committed 35708K, reserved 415744K
  class space    used 4687K, capacity 5079K, committed 5120K, reserved 385024K
}
Event: 2.777 GC heap after
{Heap after GC invocations=6 (full 0):
 garbage-first heap   total 262144K, used 23424K [0x00000000e0000000, 0x0000000100000000)
  region size 1024K, 5 young (5120K), 5 survivors (5120K)
 Metaspace       used 34676K, capacity 35624K, committed 35708K, reserved 415744K
  class space    used 4687K, capacity 5079K, committed 5120K, reserved 385024K
}
Event: 3.633 GC heap before
{Heap before GC invocations=7 (full 0):
 garbage-first heap   total 262144K, used 151424K [0x00000000e0000000, 0x0000000100000000)
  region size 1024K, 124 young (126976K), 5 survivors (5120K)
 Metaspace       used 47036K, capacity 48302K, committed 48508K, reserved 428032K
  class space    used 6062K, capacity 6549K, committed 6656K, reserved 385024K
}
Event: 3.639 GC heap after
{Heap after GC invocations=8 (full 0):
 garbage-first heap   total 262144K, used 32867K [0x00000000e0000000, 0x0000000100000000)
  region size 1024K, 15 young (15360K), 15 survivors (15360K)
 Metaspace       used 47036K, capacity 48302K, committed 48508K, reserved 428032K
  class space    used 6062K, capacity 6549K, committed 6656K, reserved 385024K
}
Event: 4.445 GC heap before
{Heap before GC invocations=8 (full 0):
 garbage-first heap   total 262144K, used 160867K [0x00000000e0000000, 0x0000000100000000)
  region size 1024K, 140 young (143360K), 15 survivors (15360K)
 Metaspace       used 56417K, capacity 58226K, committed 58236K, reserved 436224K
  class space    used 7473K, capacity 8192K, committed 8192K, reserved 385024K
}
Event: 4.454 GC heap after
{Heap after GC invocations=9 (full 0):
 garbage-first heap   total 262144K, used 37757K [0x00000000e0000000, 0x0000000100000000)
  region size 1024K, 7 young (7168K), 7 survivors (7168K)
 Metaspace       used 56417K, capacity 58226K, committed 58236K, reserved 436224K
  class space    used 7473K, capacity 8192K, committed 8192K, reserved 385024K
}
Event: 4.636 GC heap before
{Heap before GC invocations=9 (full 0):
 garbage-first heap   total 262144K, used 81789K [0x00000000e0000000, 0x0000000100000000)
  region size 1024K, 51 young (52224K), 7 survivors (7168K)
 Metaspace       used 57917K, capacity 59810K, committed 59940K, reserved 438272K
  class space    used 7728K, capacity 8443K, committed 8448K, reserved 385024K
}
Event: 4.644 GC heap after
{Heap after GC invocations=10 (full 0):
 garbage-first heap   total 262144K, used 40331K [0x00000000e0000000, 0x0000000100000000)
  region size 1024K, 10 young (10240K), 10 survivors (10240K)
 Metaspace       used 57917K, capacity 59810K, committed 59940K, reserved 438272K
  class space    used 7728K, capacity 8443K, committed 8448K, reserved 385024K
}

