# JRE version: OpenJDK Runtime Environment (11.0+28) (build 11+28)
# Java VM: OpenJDK 64-Bit Server VM (11+28, mixed mode, tiered, compressed oops, g1 gc, windows-amd64)
Heap:
 garbage-first heap   total 262144K, used 165148K [0x00000000e0000000, 0x0000000100000000)
  region size 1024K, 114 young (116736K), 6 survivors (6144K)
 Metaspace       used 64936K, capacity 67335K, committed 67632K, reserved 444416K
  class space    used 8669K, capacity 9537K, committed 9600K, reserved 385024K
GC Heap History (10 events):
Event: 2.187 GC heap before
{Heap before GC invocations=3 (full 0):
 garbage-first heap   total 262144K, used 79119K [0x00000000e0000000, 0x0000000100000000)
  region size 1024K, 70 young (71680K), 11 survivors (11264K)
 Metaspace       used 25378K, capacity 26091K, committed 26288K, reserved 409600K
  class space    used 3261K, capacity 3482K, committed 3584K, reserved 385024K
}
Event: 2.191 GC heap after
{Heap after GC invocations=4 (full 0):
 garbage-first heap   total 262144K, used 20213K [0x00000000e0000000, 0x0000000100000000)
  region size 1024K, 3 young (3072K), 3 survivors (3072K)
 Metaspace       used 25378K, capacity 26091K, committed 26288K, reserved 409600K
  class space    used 3261K, capacity 3482K, committed 3584K, reserved 385024K
}
Event: 2.887 GC heap before
{Heap before GC invocations=4 (full 0):
 garbage-first heap   total 262144K, used 141045K [0x00000000e0000000, 0x0000000100000000)
  region size 1024K, 112 young (114688K), 3 survivors (3072K)
 Metaspace       used 34726K, capacity 35782K, committed 35920K, reserved 417792K
  class space    used 4713K, capacity 5092K, committed 5120K, reserved 385024K
}
Event: 2.894 GC heap after
{Heap after GC invocations=5 (full 0):
 garbage-first heap   total 262144K, used 36818K [0x00000000e0000000, 0x0000000100000000)
  region size 1024K, 8 young (8192K), 8 survivors (8192K)
 Metaspace       used 34726K, capacity 35782K, committed 35920K, reserved 417792K
  class space    used 4713K, capacity 5092K, committed 5120K, reserved 385024K
}
Event: 3.921 GC heap before
{Heap before GC invocations=6 (full 0):
 garbage-first heap   total 262144K, used 194514K [0x00000000e0000000, 0x0000000100000000)
  region size 1024K, 153 young (156672K), 8 survivors (8192K)
 Metaspace       used 49110K, capacity 50604K, committed 50864K, reserved 430080K
  class space    used 6281K, capacity 6818K, committed 6912K, reserved 385024K
}
Event: 3.930 GC heap after
{Heap after GC invocations=7 (full 0):
 garbage-first heap   total 262144K, used 51372K [0x00000000e0000000, 0x0000000100000000)
  region size 1024K, 19 young (19456K), 19 survivors (19456K)
 Metaspace       used 49110K, capacity 50604K, committed 50864K, reserved 430080K
  class space    used 6281K, capacity 6818K, committed 6912K, reserved 385024K
}
Event: 4.903 GC heap before
{Heap before GC invocations=7 (full 0):
 garbage-first heap   total 262144K, used 187564K [0x00000000e0000000, 0x0000000100000000)
  region size 1024K, 153 young (156672K), 19 survivors (19456K)
 Metaspace       used 58221K, capacity 60112K, committed 60208K, reserved 438272K
  class space    used 7652K, capacity 8307K, committed 8320K, reserved 385024K
}
Event: 4.913 GC heap after
{Heap after GC invocations=8 (full 0):
 garbage-first heap   total 262144K, used 56044K [0x00000000e0000000, 0x0000000100000000)
  region size 1024K, 7 young (7168K), 7 survivors (7168K)
 Metaspace       used 58221K, capacity 60112K, committed 60208K, reserved 438272K
  class space    used 7652K, capacity 8307K, committed 8320K, reserved 385024K
}
Event: 4.929 GC heap before
{Heap before GC invocations=8 (full 0):
 garbage-first heap   total 262144K, used 58092K [0x00000000e0000000, 0x0000000100000000)
  region size 1024K, 10 young (10240K), 7 survivors (7168K)
 Metaspace       used 58355K, capacity 60274K, committed 60420K, reserved 438272K
  class space    used 7673K, capacity 8382K, committed 8448K, reserved 385024K
}
Event: 4.933 GC heap after
{Heap after GC invocations=9 (full 0):
 garbage-first heap   total 262144K, used 55580K [0x00000000e0000000, 0x0000000100000000)
  region size 1024K, 6 young (6144K), 6 survivors (6144K)
 Metaspace       used 58355K, capacity 60274K, committed 60420K, reserved 438272K
  class space    used 7673K, capacity 8382K, committed 8448K, reserved 385024K
}

