# JRE version: OpenJDK Runtime Environment (11.0+28) (build 11+28)
# Java VM: OpenJDK 64-Bit Server VM (11+28, mixed mode, tiered, compressed oops, g1 gc, windows-amd64)
Heap:
 garbage-first heap   total 262144K, used 170150K [0x00000000e0000000, 0x0000000100000000)
  region size 1024K, 134 young (137216K), 18 survivors (18432K)
 Metaspace       used 55784K, capacity 57831K, committed 57936K, reserved 436224K
  class space    used 7372K, capacity 8106K, committed 8192K, reserved 385024K
GC Heap History (10 events):
Event: 2.074 GC heap before
{Heap before GC invocations=1 (full 0):
 garbage-first heap   total 262144K, used 106902K [0x00000000e0000000, 0x0000000100000000)
  region size 1024K, 97 young (99328K), 3 survivors (3072K)
 Metaspace       used 20642K, capacity 21138K, committed 21296K, reserved 405504K
  class space    used 2469K, capacity 2641K, committed 2688K, reserved 385024K
}
Event: 2.079 GC heap after
{Heap after GC invocations=2 (full 0):
 garbage-first heap   total 262144K, used 18009K [0x00000000e0000000, 0x0000000100000000)
  region size 1024K, 11 young (11264K), 11 survivors (11264K)
 Metaspace       used 20642K, capacity 21138K, committed 21296K, reserved 405504K
  class space    used 2469K, capacity 2641K, committed 2688K, reserved 385024K
}
Event: 2.232 GC heap before
{Heap before GC invocations=3 (full 0):
 garbage-first heap   total 262144K, used 38489K [0x00000000e0000000, 0x0000000100000000)
  region size 1024K, 31 young (31744K), 11 survivors (11264K)
 Metaspace       used 22481K, capacity 23034K, committed 23216K, reserved 405504K
  class space    used 2751K, capacity 2958K, committed 3072K, reserved 385024K
}
Event: 2.237 GC heap after
{Heap after GC invocations=4 (full 0):
 garbage-first heap   total 262144K, used 19444K [0x00000000e0000000, 0x0000000100000000)
  region size 1024K, 1 young (1024K), 1 survivors (1024K)
 Metaspace       used 22481K, capacity 23034K, committed 23216K, reserved 405504K
  class space    used 2751K, capacity 2958K, committed 3072K, reserved 385024K
}
Event: 2.937 GC heap before
{Heap before GC invocations=4 (full 0):
 garbage-first heap   total 262144K, used 143348K [0x00000000e0000000, 0x0000000100000000)
  region size 1024K, 111 young (113664K), 1 survivors (1024K)
 Metaspace       used 30942K, capacity 31874K, committed 32176K, reserved 413696K
  class space    used 4153K, capacity 4492K, committed 4608K, reserved 385024K
}
Event: 2.940 GC heap after
{Heap after GC invocations=5 (full 0):
 garbage-first heap   total 262144K, used 36100K [0x00000000e0000000, 0x0000000100000000)
  region size 1024K, 7 young (7168K), 7 survivors (7168K)
 Metaspace       used 30942K, capacity 31874K, committed 32176K, reserved 413696K
  class space    used 4153K, capacity 4492K, committed 4608K, reserved 385024K
}
Event: 3.279 GC heap before
{Heap before GC invocations=5 (full 0):
 garbage-first heap   total 262144K, used 76036K [0x00000000e0000000, 0x0000000100000000)
  region size 1024K, 47 young (48128K), 7 survivors (7168K)
 Metaspace       used 34740K, capacity 35778K, committed 35920K, reserved 417792K
  class space    used 4711K, capacity 5091K, committed 5120K, reserved 385024K
}
Event: 3.285 GC heap after
{Heap after GC invocations=6 (full 0):
 garbage-first heap   total 262144K, used 37330K [0x00000000e0000000, 0x0000000100000000)
  region size 1024K, 8 young (8192K), 8 survivors (8192K)
 Metaspace       used 34740K, capacity 35778K, committed 35920K, reserved 417792K
  class space    used 4711K, capacity 5091K, committed 5120K, reserved 385024K
}
Event: 4.212 GC heap before
{Heap before GC invocations=7 (full 0):
 garbage-first heap   total 262144K, used 176594K [0x00000000e0000000, 0x0000000100000000)
  region size 1024K, 137 young (140288K), 8 survivors (8192K)
 Metaspace       used 47393K, capacity 48890K, committed 49104K, reserved 428032K
  class space    used 6170K, capacity 6719K, committed 6784K, reserved 385024K
}
Event: 4.221 GC heap after
{Heap after GC invocations=8 (full 0):
 garbage-first heap   total 262144K, used 50342K [0x00000000e0000000, 0x0000000100000000)
  region size 1024K, 18 young (18432K), 18 survivors (18432K)
 Metaspace       used 47393K, capacity 48890K, committed 49104K, reserved 428032K
  class space    used 6170K, capacity 6719K, committed 6784K, reserved 385024K
}

