# JRE version: OpenJDK Runtime Environment (11.0+28) (build 11+28)
# Java VM: OpenJDK 64-Bit Server VM (11+28, mixed mode, tiered, compressed oops, g1 gc, windows-amd64)
Heap:
 garbage-first heap   total 262144K, used 158932K [0x00000000e0000000, 0x0000000100000000)
  region size 1024K, 122 young (124928K), 14 survivors (14336K)
 Metaspace       used 54844K, capacity 56617K, committed 56752K, reserved 434176K
  class space    used 7270K, capacity 7908K, committed 7936K, reserved 385024K
GC Heap History (10 events):
Event: 2.129 GC heap before
{Heap before GC invocations=1 (full 0):
 garbage-first heap   total 262144K, used 106900K [0x00000000e0000000, 0x0000000100000000)
  region size 1024K, 97 young (99328K), 3 survivors (3072K)
 Metaspace       used 20648K, capacity 21138K, committed 21296K, reserved 405504K
  class space    used 2469K, capacity 2641K, committed 2688K, reserved 385024K
}
Event: 2.137 GC heap after
{Heap after GC invocations=2 (full 0):
 garbage-first heap   total 262144K, used 18451K [0x00000000e0000000, 0x0000000100000000)
  region size 1024K, 11 young (11264K), 11 survivors (11264K)
 Metaspace       used 20648K, capacity 21138K, committed 21296K, reserved 405504K
  class space    used 2469K, capacity 2641K, committed 2688K, reserved 385024K
}
Event: 2.282 GC heap before
{Heap before GC invocations=3 (full 0):
 garbage-first heap   total 262144K, used 43027K [0x00000000e0000000, 0x0000000100000000)
  region size 1024K, 35 young (35840K), 11 survivors (11264K)
 Metaspace       used 22764K, capacity 23358K, committed 23472K, reserved 405504K
  class space    used 2812K, capacity 3023K, committed 3072K, reserved 385024K
}
Event: 2.286 GC heap after
{Heap after GC invocations=4 (full 0):
 garbage-first heap   total 262144K, used 19158K [0x00000000e0000000, 0x0000000100000000)
  region size 1024K, 2 young (2048K), 2 survivors (2048K)
 Metaspace       used 22764K, capacity 23358K, committed 23472K, reserved 405504K
  class space    used 2812K, capacity 3023K, committed 3072K, reserved 385024K
}
Event: 2.911 GC heap before
{Heap before GC invocations=4 (full 0):
 garbage-first heap   total 262144K, used 126678K [0x00000000e0000000, 0x0000000100000000)
  region size 1024K, 96 young (98304K), 2 survivors (2048K)
 Metaspace       used 30338K, capacity 31163K, committed 31408K, reserved 413696K
  class space    used 4038K, capacity 4339K, committed 4352K, reserved 385024K
}
Event: 2.914 GC heap after
{Heap after GC invocations=5 (full 0):
 garbage-first heap   total 262144K, used 35370K [0x00000000e0000000, 0x0000000100000000)
  region size 1024K, 6 young (6144K), 6 survivors (6144K)
 Metaspace       used 30338K, capacity 31163K, committed 31408K, reserved 413696K
  class space    used 4038K, capacity 4339K, committed 4352K, reserved 385024K
}
Event: 3.242 GC heap before
{Heap before GC invocations=5 (full 0):
 garbage-first heap   total 262144K, used 85546K [0x00000000e0000000, 0x0000000100000000)
  region size 1024K, 56 young (57344K), 6 survivors (6144K)
 Metaspace       used 34728K, capacity 35775K, committed 35920K, reserved 417792K
  class space    used 4710K, capacity 5090K, committed 5120K, reserved 385024K
}
Event: 3.247 GC heap after
{Heap after GC invocations=6 (full 0):
 garbage-first heap   total 262144K, used 36877K [0x00000000e0000000, 0x0000000100000000)
  region size 1024K, 8 young (8192K), 8 survivors (8192K)
 Metaspace       used 34728K, capacity 35775K, committed 35920K, reserved 417792K
  class space    used 4710K, capacity 5090K, committed 5120K, reserved 385024K
}
Event: 3.967 GC heap before
{Heap before GC invocations=7 (full 0):
 garbage-first heap   total 262144K, used 147469K [0x00000000e0000000, 0x0000000100000000)
  region size 1024K, 112 young (114688K), 8 survivors (8192K)
 Metaspace       used 46347K, capacity 47645K, committed 47792K, reserved 428032K
  class space    used 6025K, capacity 6549K, committed 6656K, reserved 385024K
}
Event: 3.973 GC heap after
{Heap after GC invocations=8 (full 0):
 garbage-first heap   total 262144K, used 44244K [0x00000000e0000000, 0x0000000100000000)
  region size 1024K, 14 young (14336K), 14 survivors (14336K)
 Metaspace       used 46347K, capacity 47645K, committed 47792K, reserved 428032K
  class space    used 6025K, capacity 6549K, committed 6656K, reserved 385024K
}

